#
# There is insufficient memory for the Java Runtime Environment to continue.
# Native memory allocation (malloc) failed to allocate 1048576 bytes. Error detail: AllocateHeap
# Possible reasons:
#   The system is out of physical RAM or swap space
#   This process is running with CompressedOops enabled, and the Java Heap may be blocking the growth of the native heap
# Possible solutions:
#   Reduce memory load on the system
#   Increase physical memory or swap space
#   Check if swap backing store is full
#   Decrease Java heap size (-Xmx/-Xms)
#   Decrease number of Java threads
#   Decrease Java thread stack sizes (-Xss)
#   Set larger code cache with -XX:ReservedCodeCacheSize=
#   JVM is running with Zero Based Compressed Oops mode in which the Java heap is
#     placed in the first 32GB address space. The Java Heap base address is the
#     maximum limit for the native heap growth. Please use -XX:HeapBaseMinAddress
#     to set the Java Heap base and to place the Java Heap above 32GB virtual address.
# This output file may be truncated or incomplete.
#
#  Out of Memory Error (allocation.cpp:44), pid=18472, tid=18528
#
# JRE version:  (21.0.5+11) (build )
# Java VM: OpenJDK 64-Bit Server VM (21.0.5+11-LTS, mixed mode, sharing, tiered, compressed oops, compressed class ptrs, g1 gc, windows-amd64)
# No core dump will be written. Minidumps are not enabled by default on client versions of Windows
#

---------------  S U M M A R Y ------------

Command Line: org.jetbrains.kotlin.cli.jvm.K2JVMCompiler @C:\Users\20240032\Documents\GitHub\EscolaRemote\PAM 1\Aula6_navigation\MeuAppDeNavegacao\node_modules\@react-native\gradle-plugin\shared\build\20250527_10938486965215765370.compiler.options

Host: AMD Ryzen 5 PRO 4650G with Radeon Graphics, 12 cores, 15G,  Windows 11 , 64 bit Build 26100 (10.0.26100.3912)
Time: Tue May 27 08:33:20 2025 Hora oficial do Brasil elapsed time: 1.022152 seconds (0d 0h 0m 1s)

---------------  T H R E A D  ---------------

Current thread (0x00000208fdff5d60):  JavaThread "Unknown thread" [_thread_in_vm, id=18528, stack(0x000000f923700000,0x000000f923800000) (1024K)]

Stack: [0x000000f923700000,0x000000f923800000]
Native frames: (J=compiled Java code, j=interpreted, Vv=VM code, C=native code)
V  [jvm.dll+0x6d44b9]
V  [jvm.dll+0x8af381]
V  [jvm.dll+0x8b18ae]
V  [jvm.dll+0x8b1f83]
V  [jvm.dll+0x2804d6]
V  [jvm.dll+0xbfd67]
V  [jvm.dll+0x337b95]
V  [jvm.dll+0x32ff81]
V  [jvm.dll+0x878269]
V  [jvm.dll+0x3c1561]
V  [jvm.dll+0x8613f3]
V  [jvm.dll+0x45673e]
V  [jvm.dll+0x458381]
C  [jli.dll+0x52a0]
C  [ucrtbase.dll+0x37b0]
C  [KERNEL32.DLL+0x2e8d7]
C  [ntdll.dll+0x9c5dc]


---------------  P R O C E S S  ---------------

Threads class SMR info:
_java_thread_list=0x00007ffacdbe2108, length=0, elements={
}

Java Threads: ( => current thread )
Total: 0

Other Threads:
  0x00000208ffd0e760 WorkerThread "GC Thread#0"                     [id=18532, stack(0x000000f923800000,0x000000f923900000) (1024K)]

[error occurred during error reporting (printing all threads), id 0xc0000005, EXCEPTION_ACCESS_VIOLATION (0xc0000005) at pc=0x00007ffacd2dc730]
VM state: not at safepoint (not fully initialized)

VM Mutex/Monitor currently owned by a thread:  ([mutex/lock_event])
[0x00007ffacdc565f0] Heap_lock - owner thread: 0x00000208fdff5d60

Heap address: 0x000000070a000000, size: 3936 MB, Compressed Oops mode: Zero based, Oop shift amount: 3

CDS archive(s) mapped at: [0x0000000000000000-0x0000000000000000-0x0000000000000000), size 0, SharedBaseAddress: 0x0000000800000000, ArchiveRelocationMode: 1.
Narrow klass base: 0x0000000000000000, Narrow klass shift: 0, Narrow klass range: 0x0

GC Precious Log:
 CardTable entry size: 512
 Card Set container configuration: InlinePtr #cards 4 size 8 Array Of Cards #cards 16 size 48 Howl #buckets 8 coarsen threshold 3686 Howl Bitmap #cards 512 size 80 coarsen threshold 460 Card regions per heap region 1 cards per card region 4096

Heap:
 garbage-first heap   total 0K, used 0K [0x000000070a000000, 0x0000000800000000)
  region size 2048K, 0 young (0K), 0 survivors (0K)

[error occurred during error reporting (printing heap information), id 0xc0000005, EXCEPTION_ACCESS_VIOLATION (0xc0000005) at pc=0x00007ffacd6ce549]
GC Heap History (0 events):
No events

Dll operation events (1 events):
Event: 0.005 Loaded shared library C:\Program Files\Microsoft\jdk-21.0.5.11-hotspot\bin\java.dll

Deoptimization events (0 events):
No events

Classes loaded (0 events):
No events

Classes unloaded (0 events):
No events

Classes redefined (0 events):
No events

Internal exceptions (0 events):
No events

ZGC Phase Switch (0 events):
No events

VM Operations (0 events):
No events

Memory protections (0 events):
No events

Nmethod flushes (0 events):
No events

Events (0 events):
No events


Dynamic libraries:
0x00007ff7baf10000 - 0x00007ff7baf1e000 	C:\Program Files\Microsoft\jdk-21.0.5.11-hotspot\bin\java.exe
0x00007ffb57ce0000 - 0x00007ffb57f46000 	C:\WINDOWS\SYSTEM32\ntdll.dll
0x00007ffb57490000 - 0x00007ffb57559000 	C:\WINDOWS\System32\KERNEL32.DLL
0x00007ffb54f20000 - 0x00007ffb552ec000 	C:\WINDOWS\System32\KERNELBASE.dll
0x00007ffb553b0000 - 0x00007ffb554fb000 	C:\WINDOWS\System32\ucrtbase.dll
0x00007ffb3b5d0000 - 0x00007ffb3b5e8000 	C:\Program Files\Microsoft\jdk-21.0.5.11-hotspot\bin\jli.dll
0x00007ffb2d6a0000 - 0x00007ffb2d6bd000 	C:\Program Files\Microsoft\jdk-21.0.5.11-hotspot\bin\VCRUNTIME140.dll
0x00007ffb57aa0000 - 0x00007ffb57c6a000 	C:\WINDOWS\System32\USER32.dll
0x00007ffb55630000 - 0x00007ffb55657000 	C:\WINDOWS\System32\win32u.dll
0x00007ffb42cf0000 - 0x00007ffb42f8a000 	C:\WINDOWS\WinSxS\amd64_microsoft.windows.common-controls_6595b64144ccf1df_6.0.26100.3912_none_3e07963ce335137e\COMCTL32.dll
0x00007ffb57c70000 - 0x00007ffb57c9b000 	C:\WINDOWS\System32\GDI32.dll
0x00007ffb561d0000 - 0x00007ffb56279000 	C:\WINDOWS\System32\msvcrt.dll
0x00007ffb55960000 - 0x00007ffb55a92000 	C:\WINDOWS\System32\gdi32full.dll
0x00007ffb54e70000 - 0x00007ffb54f13000 	C:\WINDOWS\System32\msvcp_win.dll
0x00007ffb57900000 - 0x00007ffb57930000 	C:\WINDOWS\System32\IMM32.DLL
0x00007ffb35bb0000 - 0x00007ffb35bbc000 	C:\Program Files\Microsoft\jdk-21.0.5.11-hotspot\bin\vcruntime140_1.dll
0x00007ffad76c0000 - 0x00007ffad774d000 	C:\Program Files\Microsoft\jdk-21.0.5.11-hotspot\bin\msvcp140.dll
0x00007ffaccfa0000 - 0x00007ffacdd38000 	C:\Program Files\Microsoft\jdk-21.0.5.11-hotspot\bin\server\jvm.dll
0x00007ffb56850000 - 0x00007ffb56902000 	C:\WINDOWS\System32\ADVAPI32.dll
0x00007ffb57350000 - 0x00007ffb573f6000 	C:\WINDOWS\System32\sechost.dll
0x00007ffb577e0000 - 0x00007ffb578f6000 	C:\WINDOWS\System32\RPCRT4.dll
0x00007ffb56a90000 - 0x00007ffb56b04000 	C:\WINDOWS\System32\WS2_32.dll
0x00007ffb54b00000 - 0x00007ffb54b5e000 	C:\WINDOWS\SYSTEM32\POWRPROF.dll
0x00007ffb4d9a0000 - 0x00007ffb4d9ab000 	C:\WINDOWS\SYSTEM32\VERSION.dll
0x00007ffb4d960000 - 0x00007ffb4d996000 	C:\WINDOWS\SYSTEM32\WINMM.dll
0x00007ffb54ae0000 - 0x00007ffb54af4000 	C:\WINDOWS\SYSTEM32\UMPDC.dll
0x00007ffb53bf0000 - 0x00007ffb53c0a000 	C:\WINDOWS\SYSTEM32\kernel.appcore.dll
0x00007ffb51c50000 - 0x00007ffb51c5a000 	C:\Program Files\Microsoft\jdk-21.0.5.11-hotspot\bin\jimage.dll
0x00007ffb4a2a0000 - 0x00007ffb4a4e1000 	C:\WINDOWS\SYSTEM32\DBGHELP.DLL
0x00007ffb56fa0000 - 0x00007ffb57324000 	C:\WINDOWS\System32\combase.dll
0x00007ffb57590000 - 0x00007ffb57670000 	C:\WINDOWS\System32\OLEAUT32.dll
0x00007ffb462d0000 - 0x00007ffb46309000 	C:\WINDOWS\SYSTEM32\dbgcore.DLL
0x00007ffb55500000 - 0x00007ffb55599000 	C:\WINDOWS\System32\bcryptPrimitives.dll
0x00007ffb3adf0000 - 0x00007ffb3ae10000 	C:\Program Files\Microsoft\jdk-21.0.5.11-hotspot\bin\java.dll

dbghelp: loaded successfully - version: 4.0.5 - missing functions: none
symbol engine: initialized successfully - sym options: 0x614 - pdb path: .;C:\Program Files\Microsoft\jdk-21.0.5.11-hotspot\bin;C:\WINDOWS\SYSTEM32;C:\WINDOWS\WinSxS\amd64_microsoft.windows.common-controls_6595b64144ccf1df_6.0.26100.3912_none_3e07963ce335137e;C:\Program Files\Microsoft\jdk-21.0.5.11-hotspot\bin\server

VM Arguments:
java_command: org.jetbrains.kotlin.cli.jvm.K2JVMCompiler @C:\Users\20240032\Documents\GitHub\EscolaRemote\PAM 1\Aula6_navigation\MeuAppDeNavegacao\node_modules\@react-native\gradle-plugin\shared\build\20250527_10938486965215765370.compiler.options
java_class_path (initial): C:\Users\20240032\.gradle\caches\modules-2\files-2.1\org.jetbrains.kotlin\kotlin-compiler-embeddable\2.0.21\79346ed53db48b18312a472602eb5c057070c54d\kotlin-compiler-embeddable-2.0.21.jar;C:\Users\20240032\.gradle\caches\modules-2\files-2.1\org.jetbrains.kotlin\kotlin-stdlib\2.0.21\618b539767b4899b4660a83006e052b63f1db551\kotlin-stdlib-2.0.21.jar;C:\Users\20240032\.gradle\caches\modules-2\files-2.1\org.jetbrains.kotlin\kotlin-script-runtime\2.0.21\c9b044380ad41f89aa89aa896c2d32a8c0b2129d\kotlin-script-runtime-2.0.21.jar;C:\Users\20240032\.gradle\caches\modules-2\files-2.1\org.jetbrains.kotlin\kotlin-reflect\1.6.10\1cbe9c92c12a94eea200d23c2bbaedaf3daf5132\kotlin-reflect-1.6.10.jar;C:\Users\20240032\.gradle\caches\modules-2\files-2.1\org.jetbrains.kotlin\kotlin-daemon-embeddable\2.0.21\c9e933b23287de9b5a17e2116b4657bb91aea72c\kotlin-daemon-embeddable-2.0.21.jar;C:\Users\20240032\.gradle\caches\modules-2\files-2.1\org.jetbrains.intellij.deps\trove4j\1.0.20200330\3afb14d5f9ceb459d724e907a21145e8ff394f02\trove4j-1.0.20200330.jar;C:\Users\20240032\.gradle\caches\modules-2\files-2.1\org.jetbrains.kotlinx\kotlinx-coroutines-core-jvm\1.6.4\2c997cd1c0ef33f3e751d3831929aeff1390cb30\kotlinx-coroutines-core-jvm-1.6.4.jar;C:\Users\20240032\.gradle\caches\modules-2\files-2.1\org.jetbrains\annotations\13.0\919f0dfe192fb4e063e7dacadee7f8bb9a2672a9\annotations-13.0.jar
Launcher Type: SUN_STANDARD

[Global flags]
     intx CICompilerCount                          = 4                                         {product} {ergonomic}
     uint ConcGCThreads                            = 3                                         {product} {ergonomic}
     uint G1ConcRefinementThreads                  = 10                                        {product} {ergonomic}
   size_t G1HeapRegionSize                         = 2097152                                   {product} {ergonomic}
    uintx GCDrainStackTargetSize                   = 64                                        {product} {ergonomic}
   size_t InitialHeapSize                          = 257949696                                 {product} {ergonomic}
   size_t MarkStackSize                            = 4194304                                   {product} {ergonomic}
   size_t MaxHeapSize                              = 4127195136                                {product} {ergonomic}
   size_t MinHeapDeltaBytes                        = 2097152                                   {product} {ergonomic}
   size_t MinHeapSize                              = 8388608                                   {product} {ergonomic}
    uintx NonNMethodCodeHeapSize                   = 5839372                                {pd product} {ergonomic}
    uintx NonProfiledCodeHeapSize                  = 122909434                              {pd product} {ergonomic}
    uintx ProfiledCodeHeapSize                     = 122909434                              {pd product} {ergonomic}
    uintx ReservedCodeCacheSize                    = 251658240                              {pd product} {ergonomic}
     bool SegmentedCodeCache                       = true                                      {product} {ergonomic}
   size_t SoftMaxHeapSize                          = 4127195136                             {manageable} {ergonomic}
     bool UseCompressedOops                        = true                           {product lp64_product} {ergonomic}
     bool UseG1GC                                  = true                                      {product} {ergonomic}
     bool UseLargePagesIndividualAllocation        = false                                  {pd product} {ergonomic}

Logging:
Log output configuration:
 #0: stdout all=warning uptime,level,tags foldmultilines=false
 #1: stderr all=off uptime,level,tags foldmultilines=false

Environment Variables:
JAVA_HOME=C:\Program Files\Microsoft\jdk-21.0.5.11-hotspot\
PATH=C:\Program Files\Microsoft\jdk-21.0.5.11-hotspot\bin;C:\Python312\Scripts\;C:\Python312\;C:\Program Files (x86)\NVIDIA Corporation\PhysX\Common;C:\WINDOWS\system32;C:\WINDOWS;C:\WINDOWS\System32\Wbem;C:\WINDOWS\System32\WindowsPowerShell\v1.0\;C:\WINDOWS\System32\OpenSSH\;C:\Program Files\dotnet\;C:\Program Files\Microsoft VS Code\bin;C:\Program Files\Microsoft SQL Server\150\Tools\Binn\;C:\Program Files\Microsoft SQL Server\Client SDK\ODBC\170\Tools\Binn\;C:\src\Android\cmdline-tools\tools\bin;C:\src\Android\platform-tools;C:\src\Android\emulator;C:\Program Files\Git\cmd;C:\Program Files\PowerShell\7\;C:\Program Files\nodejs\;C:\ProgramData\chocolatey\bin;C:\Program Files\Azure Data Studio\bin;C:\MinGW\bin;C:\Program Files (x86)\Schneider Electric\EcoStruxure Machine Expert - Basic\;C:\Users\20240032\AppData\Local\Microsoft\WindowsApps;C:\Users\20240032\AppData\Local\GitHubDesktop\bin;
USERNAME=20240032
OS=Windows_NT
PROCESSOR_IDENTIFIER=AMD64 Family 23 Model 96 Stepping 1, AuthenticAMD
TMP=C:\Users\20240032\AppData\Local\Temp
TEMP=C:\Users\20240032\AppData\Local\Temp




Periodic native trim disabled

---------------  S Y S T E M  ---------------

OS:
 Windows 11 , 64 bit Build 26100 (10.0.26100.3912)
OS uptime: 0 days 0:30 hours
Hyper-V role detected

CPU: total 12 (initial active 12) (12 cores per cpu, 2 threads per core) family 23 model 96 stepping 1 microcode 0x8600103, cx8, cmov, fxsr, ht, mmx, 3dnowpref, sse, sse2, sse3, ssse3, sse4a, sse4.1, sse4.2, popcnt, lzcnt, tsc, tscinvbit, avx, avx2, aes, clmul, bmi1, bmi2, adx, sha, fma, vzeroupper, clflush, clflushopt, hv, rdtscp, rdpid, f16c
Processor Information for the first 12 processors :
  Max Mhz: 3701, Current Mhz: 3701, Mhz Limit: 3701

Memory: 4k page, system-wide physical 15741M (4783M free)
TotalPageFile size 15741M (AvailPageFile size 3M)
current process WorkingSet (physical memory assigned to process): 12M, peak: 12M
current process commit charge ("private bytes"): 60M, peak: 61M

vm_info: OpenJDK 64-Bit Server VM (21.0.5+11-LTS) for windows-amd64 JRE (21.0.5+11-LTS), built on 2024-10-12T04:10:19Z by "MicrosoftCorporation" with unknown MS VC++:1939

END.
